<?xml version="1.0" encoding="UTF-8"?>
<testng-results skipped="1" failed="0" ignored="0" total="1" passed="0">
  <reporter-output>
  </reporter-output>
  <suite name="Suite" duration-ms="5865" started-at="2021-03-14T14:58:53Z" finished-at="2021-03-14T14:58:59Z">
    <groups>
    </groups>
    <test name="Test" duration-ms="5865" started-at="2021-03-14T14:58:53Z" finished-at="2021-03-14T14:58:59Z">
      <class name="com.jbk.LoginTest">
        <test-method status="FAIL" signature="setUp()[pri:0, instance:com.jbk.LoginTest@50f8360d]" name="setUp" is-config="true" duration-ms="5772" started-at="2021-03-14T14:58:53Z" finished-at="2021-03-14T14:58:59Z">
          <exception class="org.openqa.selenium.SessionNotCreatedException">
            <message>
              <![CDATA[session not created: This version of ChromeDriver only supports Chrome version 87
Current browser version is 89.0.4389.90 with binary path C:\Program Files\Google\Chrome\Application\chrome.exe
Build info: version: '3.141.59', revision: 'e82be7d358', time: '2018-11-14T08:17:03'
System info: host: 'DESKTOP-MO03C8A', ip: '192.168.43.112', os.name: 'Windows 10', os.arch: 'amd64', os.version: '10.0', java.version: '1.8.0_144'
Driver info: driver.version: ChromeDriver
remote stacktrace: Backtrace:
Ordinal0 [0x013DC0C3+3326147]
Ordinal0 [0x012C0851+2164817]
Ordinal0 [0x01147298+619160]
Ordinal0 [0x010C1D92+73106]
Ordinal0 [0x010BE119+57625]
Ordinal0 [0x010BC38A+50058]
Ordinal0 [0x010E5F3E+220990]
Ordinal0 [0x010E5CAC+220332]
Ordinal0 [0x010E189B+202907]
Ordinal0 [0x010C3DF4+81396]
Ordinal0 [0x010C4DEE+85486]
Ordinal0 [0x010C4D79+85369]
Ordinal0 [0x012D85DC+2262492]
GetHandleVerifier [0x01562874+1487204]
GetHandleVerifier [0x015623CD+1486013]
GetHandleVerifier [0x0156A368+1518680]
GetHandleVerifier [0x01562F4E+1488958]
Ordinal0 [0x012CED0D+2223373]
Ordinal0 [0x012DA12B+2269483]
Ordinal0 [0x012DA26F+2269807]
Ordinal0 [0x012EECB8+2354360]
BaseThreadInitThunk [0x75E3FE09+25]
RtlGetAppContainerNamedObjectPath [0x77A8607D+237]
RtlGetAppContainerNamedObjectPath [0x77A8604D+189]
]]>
            </message>
            <full-stacktrace>
              <![CDATA[org.openqa.selenium.SessionNotCreatedException: session not created: This version of ChromeDriver only supports Chrome version 87
Current browser version is 89.0.4389.90 with binary path C:\Program Files\Google\Chrome\Application\chrome.exe
Build info: version: '3.141.59', revision: 'e82be7d358', time: '2018-11-14T08:17:03'
System info: host: 'DESKTOP-MO03C8A', ip: '192.168.43.112', os.name: 'Windows 10', os.arch: 'amd64', os.version: '10.0', java.version: '1.8.0_144'
Driver info: driver.version: ChromeDriver
remote stacktrace: Backtrace:
Ordinal0 [0x013DC0C3+3326147]
Ordinal0 [0x012C0851+2164817]
Ordinal0 [0x01147298+619160]
Ordinal0 [0x010C1D92+73106]
Ordinal0 [0x010BE119+57625]
Ordinal0 [0x010BC38A+50058]
Ordinal0 [0x010E5F3E+220990]
Ordinal0 [0x010E5CAC+220332]
Ordinal0 [0x010E189B+202907]
Ordinal0 [0x010C3DF4+81396]
Ordinal0 [0x010C4DEE+85486]
Ordinal0 [0x010C4D79+85369]
Ordinal0 [0x012D85DC+2262492]
GetHandleVerifier [0x01562874+1487204]
GetHandleVerifier [0x015623CD+1486013]
GetHandleVerifier [0x0156A368+1518680]
GetHandleVerifier [0x01562F4E+1488958]
Ordinal0 [0x012CED0D+2223373]
Ordinal0 [0x012DA12B+2269483]
Ordinal0 [0x012DA26F+2269807]
Ordinal0 [0x012EECB8+2354360]
BaseThreadInitThunk [0x75E3FE09+25]
RtlGetAppContainerNamedObjectPath [0x77A8607D+237]
RtlGetAppContainerNamedObjectPath [0x77A8604D+189]

at sun.reflect.NativeConstructorAccessorImpl.newInstance0(Native Method)
at sun.reflect.NativeConstructorAccessorImpl.newInstance(NativeConstructorAccessorImpl.java:62)
at sun.reflect.DelegatingConstructorAccessorImpl.newInstance(DelegatingConstructorAccessorImpl.java:45)
at java.lang.reflect.Constructor.newInstance(Constructor.java:423)
at org.openqa.selenium.remote.W3CHandshakeResponse.lambda$errorHandler$0(W3CHandshakeResponse.java:62)
at org.openqa.selenium.remote.HandshakeResponse.lambda$getResponseFunction$0(HandshakeResponse.java:30)
at org.openqa.selenium.remote.ProtocolHandshake.lambda$createSession$0(ProtocolHandshake.java:126)
at java.util.stream.ReferencePipeline$3$1.accept(ReferencePipeline.java:193)
at java.util.Spliterators$ArraySpliterator.tryAdvance(Spliterators.java:958)
at java.util.stream.ReferencePipeline.forEachWithCancel(ReferencePipeline.java:126)
at java.util.stream.AbstractPipeline.copyIntoWithCancel(AbstractPipeline.java:498)
at java.util.stream.AbstractPipeline.copyInto(AbstractPipeline.java:485)
at java.util.stream.AbstractPipeline.wrapAndCopyInto(AbstractPipeline.java:471)
at java.util.stream.FindOps$FindOp.evaluateSequential(FindOps.java:152)
at java.util.stream.AbstractPipeline.evaluate(AbstractPipeline.java:234)
at java.util.stream.ReferencePipeline.findFirst(ReferencePipeline.java:464)
at org.openqa.selenium.remote.ProtocolHandshake.createSession(ProtocolHandshake.java:128)
at org.openqa.selenium.remote.ProtocolHandshake.createSession(ProtocolHandshake.java:74)
at org.openqa.selenium.remote.HttpCommandExecutor.execute(HttpCommandExecutor.java:136)
at org.openqa.selenium.remote.service.DriverCommandExecutor.execute(DriverCommandExecutor.java:83)
at org.openqa.selenium.remote.RemoteWebDriver.execute(RemoteWebDriver.java:552)
at org.openqa.selenium.remote.RemoteWebDriver.startSession(RemoteWebDriver.java:213)
at org.openqa.selenium.remote.RemoteWebDriver.<init>(RemoteWebDriver.java:131)
at org.openqa.selenium.chrome.ChromeDriver.<init>(ChromeDriver.java:181)
at org.openqa.selenium.chrome.ChromeDriver.<init>(ChromeDriver.java:168)
at org.openqa.selenium.chrome.ChromeDriver.<init>(ChromeDriver.java:123)
at com.jbk.LoginTest.setUp(LoginTest.java:16)
at sun.reflect.NativeMethodAccessorImpl.invoke0(Native Method)
at sun.reflect.NativeMethodAccessorImpl.invoke(NativeMethodAccessorImpl.java:62)
at sun.reflect.DelegatingMethodAccessorImpl.invoke(DelegatingMethodAccessorImpl.java:43)
at java.lang.reflect.Method.invoke(Method.java:498)
at org.testng.internal.MethodInvocationHelper.invokeMethod(MethodInvocationHelper.java:124)
at org.testng.internal.MethodInvocationHelper.invokeMethodConsideringTimeout(MethodInvocationHelper.java:59)
at org.testng.internal.Invoker.invokeConfigurationMethod(Invoker.java:458)
at org.testng.internal.Invoker.invokeConfigurations(Invoker.java:222)
at org.testng.internal.Invoker.invokeMethod(Invoker.java:523)
at org.testng.internal.Invoker.invokeTestMethod(Invoker.java:719)
at org.testng.internal.Invoker.invokeTestMethods(Invoker.java:989)
at org.testng.internal.TestMethodWorker.invokeTestMethods(TestMethodWorker.java:125)
at org.testng.internal.TestMethodWorker.run(TestMethodWorker.java:109)
at java.util.concurrent.ThreadPoolExecutor.runWorker(ThreadPoolExecutor.java:1149)
at java.util.concurrent.ThreadPoolExecutor$Worker.run(ThreadPoolExecutor.java:624)
at java.lang.Thread.run(Thread.java:748)
]]>
            </full-stacktrace>
          </exception> <!-- org.openqa.selenium.SessionNotCreatedException -->
          <reporter-output>
          </reporter-output>
        </test-method> <!-- setUp -->
        <test-method status="SKIP" signature="validLoginTest()[pri:0, instance:com.jbk.LoginTest@50f8360d]" name="validLoginTest" duration-ms="0" started-at="2021-03-14T14:58:59Z" finished-at="2021-03-14T14:58:59Z">
          <exception class="org.openqa.selenium.SessionNotCreatedException">
            <message>
              <![CDATA[session not created: This version of ChromeDriver only supports Chrome version 87
Current browser version is 89.0.4389.90 with binary path C:\Program Files\Google\Chrome\Application\chrome.exe
Build info: version: '3.141.59', revision: 'e82be7d358', time: '2018-11-14T08:17:03'
System info: host: 'DESKTOP-MO03C8A', ip: '192.168.43.112', os.name: 'Windows 10', os.arch: 'amd64', os.version: '10.0', java.version: '1.8.0_144'
Driver info: driver.version: ChromeDriver
remote stacktrace: Backtrace:
Ordinal0 [0x013DC0C3+3326147]
Ordinal0 [0x012C0851+2164817]
Ordinal0 [0x01147298+619160]
Ordinal0 [0x010C1D92+73106]
Ordinal0 [0x010BE119+57625]
Ordinal0 [0x010BC38A+50058]
Ordinal0 [0x010E5F3E+220990]
Ordinal0 [0x010E5CAC+220332]
Ordinal0 [0x010E189B+202907]
Ordinal0 [0x010C3DF4+81396]
Ordinal0 [0x010C4DEE+85486]
Ordinal0 [0x010C4D79+85369]
Ordinal0 [0x012D85DC+2262492]
GetHandleVerifier [0x01562874+1487204]
GetHandleVerifier [0x015623CD+1486013]
GetHandleVerifier [0x0156A368+1518680]
GetHandleVerifier [0x01562F4E+1488958]
Ordinal0 [0x012CED0D+2223373]
Ordinal0 [0x012DA12B+2269483]
Ordinal0 [0x012DA26F+2269807]
Ordinal0 [0x012EECB8+2354360]
BaseThreadInitThunk [0x75E3FE09+25]
RtlGetAppContainerNamedObjectPath [0x77A8607D+237]
RtlGetAppContainerNamedObjectPath [0x77A8604D+189]
]]>
            </message>
            <full-stacktrace>
              <![CDATA[org.openqa.selenium.SessionNotCreatedException: session not created: This version of ChromeDriver only supports Chrome version 87
Current browser version is 89.0.4389.90 with binary path C:\Program Files\Google\Chrome\Application\chrome.exe
Build info: version: '3.141.59', revision: 'e82be7d358', time: '2018-11-14T08:17:03'
System info: host: 'DESKTOP-MO03C8A', ip: '192.168.43.112', os.name: 'Windows 10', os.arch: 'amd64', os.version: '10.0', java.version: '1.8.0_144'
Driver info: driver.version: ChromeDriver
remote stacktrace: Backtrace:
Ordinal0 [0x013DC0C3+3326147]
Ordinal0 [0x012C0851+2164817]
Ordinal0 [0x01147298+619160]
Ordinal0 [0x010C1D92+73106]
Ordinal0 [0x010BE119+57625]
Ordinal0 [0x010BC38A+50058]
Ordinal0 [0x010E5F3E+220990]
Ordinal0 [0x010E5CAC+220332]
Ordinal0 [0x010E189B+202907]
Ordinal0 [0x010C3DF4+81396]
Ordinal0 [0x010C4DEE+85486]
Ordinal0 [0x010C4D79+85369]
Ordinal0 [0x012D85DC+2262492]
GetHandleVerifier [0x01562874+1487204]
GetHandleVerifier [0x015623CD+1486013]
GetHandleVerifier [0x0156A368+1518680]
GetHandleVerifier [0x01562F4E+1488958]
Ordinal0 [0x012CED0D+2223373]
Ordinal0 [0x012DA12B+2269483]
Ordinal0 [0x012DA26F+2269807]
Ordinal0 [0x012EECB8+2354360]
BaseThreadInitThunk [0x75E3FE09+25]
RtlGetAppContainerNamedObjectPath [0x77A8607D+237]
RtlGetAppContainerNamedObjectPath [0x77A8604D+189]

at sun.reflect.NativeConstructorAccessorImpl.newInstance0(Native Method)
at sun.reflect.NativeConstructorAccessorImpl.newInstance(NativeConstructorAccessorImpl.java:62)
at sun.reflect.DelegatingConstructorAccessorImpl.newInstance(DelegatingConstructorAccessorImpl.java:45)
at java.lang.reflect.Constructor.newInstance(Constructor.java:423)
at org.openqa.selenium.remote.W3CHandshakeResponse.lambda$errorHandler$0(W3CHandshakeResponse.java:62)
at org.openqa.selenium.remote.HandshakeResponse.lambda$getResponseFunction$0(HandshakeResponse.java:30)
at org.openqa.selenium.remote.ProtocolHandshake.lambda$createSession$0(ProtocolHandshake.java:126)
at java.util.stream.ReferencePipeline$3$1.accept(ReferencePipeline.java:193)
at java.util.Spliterators$ArraySpliterator.tryAdvance(Spliterators.java:958)
at java.util.stream.ReferencePipeline.forEachWithCancel(ReferencePipeline.java:126)
at java.util.stream.AbstractPipeline.copyIntoWithCancel(AbstractPipeline.java:498)
at java.util.stream.AbstractPipeline.copyInto(AbstractPipeline.java:485)
at java.util.stream.AbstractPipeline.wrapAndCopyInto(AbstractPipeline.java:471)
at java.util.stream.FindOps$FindOp.evaluateSequential(FindOps.java:152)
at java.util.stream.AbstractPipeline.evaluate(AbstractPipeline.java:234)
at java.util.stream.ReferencePipeline.findFirst(ReferencePipeline.java:464)
at org.openqa.selenium.remote.ProtocolHandshake.createSession(ProtocolHandshake.java:128)
at org.openqa.selenium.remote.ProtocolHandshake.createSession(ProtocolHandshake.java:74)
at org.openqa.selenium.remote.HttpCommandExecutor.execute(HttpCommandExecutor.java:136)
at org.openqa.selenium.remote.service.DriverCommandExecutor.execute(DriverCommandExecutor.java:83)
at org.openqa.selenium.remote.RemoteWebDriver.execute(RemoteWebDriver.java:552)
at org.openqa.selenium.remote.RemoteWebDriver.startSession(RemoteWebDriver.java:213)
at org.openqa.selenium.remote.RemoteWebDriver.<init>(RemoteWebDriver.java:131)
at org.openqa.selenium.chrome.ChromeDriver.<init>(ChromeDriver.java:181)
at org.openqa.selenium.chrome.ChromeDriver.<init>(ChromeDriver.java:168)
at org.openqa.selenium.chrome.ChromeDriver.<init>(ChromeDriver.java:123)
at com.jbk.LoginTest.setUp(LoginTest.java:16)
at sun.reflect.NativeMethodAccessorImpl.invoke0(Native Method)
at sun.reflect.NativeMethodAccessorImpl.invoke(NativeMethodAccessorImpl.java:62)
at sun.reflect.DelegatingMethodAccessorImpl.invoke(DelegatingMethodAccessorImpl.java:43)
at java.lang.reflect.Method.invoke(Method.java:498)
at org.testng.internal.MethodInvocationHelper.invokeMethod(MethodInvocationHelper.java:124)
at org.testng.internal.MethodInvocationHelper.invokeMethodConsideringTimeout(MethodInvocationHelper.java:59)
at org.testng.internal.Invoker.invokeConfigurationMethod(Invoker.java:458)
at org.testng.internal.Invoker.invokeConfigurations(Invoker.java:222)
at org.testng.internal.Invoker.invokeMethod(Invoker.java:523)
at org.testng.internal.Invoker.invokeTestMethod(Invoker.java:719)
at org.testng.internal.Invoker.invokeTestMethods(Invoker.java:989)
at org.testng.internal.TestMethodWorker.invokeTestMethods(TestMethodWorker.java:125)
at org.testng.internal.TestMethodWorker.run(TestMethodWorker.java:109)
at java.util.concurrent.ThreadPoolExecutor.runWorker(ThreadPoolExecutor.java:1149)
at java.util.concurrent.ThreadPoolExecutor$Worker.run(ThreadPoolExecutor.java:624)
at java.lang.Thread.run(Thread.java:748)
]]>
            </full-stacktrace>
          </exception> <!-- org.openqa.selenium.SessionNotCreatedException -->
          <reporter-output>
          </reporter-output>
        </test-method> <!-- validLoginTest -->
      </class> <!-- com.jbk.LoginTest -->
    </test> <!-- Test -->
  </suite> <!-- Suite -->
</testng-results>
