<?xml version="1.0" encoding="UTF-8"?>
<!-- Generated by org.testng.reporters.JUnitReportReporter -->
<testsuite skipped="1" hostname="DESKTOP-MO03C8A" name="com.jbk.LoginTest" tests="2" failures="0" timestamp="14 Mar 2021 15:00:03 GMT" time="4.900" errors="1">
  <testcase name="setUp" time="4.900" classname="com.jbk.LoginTest">
    <error type="org.openqa.selenium.SessionNotCreatedException" message="session not created: This version of ChromeDriver only supports Chrome version 87
Current browser version is 89.0.4389.90 with binary path C:\Program Files\Google\Chrome\Application\chrome.exe
Build info: version: &#039;3.9.0&#039;, revision: &#039;698b3178f0&#039;, time: &#039;2018-02-05T14:56:13.134Z&#039;
System info: host: &#039;DESKTOP-MO03C8A&#039;, ip: &#039;192.168.43.112&#039;, os.name: &#039;Windows 10&#039;, os.arch: &#039;amd64&#039;, os.version: &#039;10.0&#039;, java.version: &#039;1.8.0_144&#039;
Driver info: driver.version: ChromeDriver
remote stacktrace: Backtrace:
	Ordinal0 [0x013DC0C3+3326147]
	Ordinal0 [0x012C0851+2164817]
	Ordinal0 [0x01147298+619160]
	Ordinal0 [0x010C1D92+73106]
	Ordinal0 [0x010BE119+57625]
	Ordinal0 [0x010BC38A+50058]
	Ordinal0 [0x010E5F3E+220990]
	Ordinal0 [0x010E5CAC+220332]
	Ordinal0 [0x010E189B+202907]
	Ordinal0 [0x010C3DF4+81396]
	Ordinal0 [0x010C4DEE+85486]
	Ordinal0 [0x010C4D79+85369]
	Ordinal0 [0x012D85DC+2262492]
	GetHandleVerifier [0x01562874+1487204]
	GetHandleVerifier [0x015623CD+1486013]
	GetHandleVerifier [0x0156A368+1518680]
	GetHandleVerifier [0x01562F4E+1488958]
	Ordinal0 [0x012CED0D+2223373]
	Ordinal0 [0x012DA12B+2269483]
	Ordinal0 [0x012DA26F+2269807]
	Ordinal0 [0x012EECB8+2354360]
	BaseThreadInitThunk [0x75E3FE09+25]
	RtlGetAppContainerNamedObjectPath [0x77A8607D+237]
	RtlGetAppContainerNamedObjectPath [0x77A8604D+189]
">
      <![CDATA[org.openqa.selenium.SessionNotCreatedException: session not created: This version of ChromeDriver only supports Chrome version 87
Current browser version is 89.0.4389.90 with binary path C:\Program Files\Google\Chrome\Application\chrome.exe
Build info: version: '3.9.0', revision: '698b3178f0', time: '2018-02-05T14:56:13.134Z'
System info: host: 'DESKTOP-MO03C8A', ip: '192.168.43.112', os.name: 'Windows 10', os.arch: 'amd64', os.version: '10.0', java.version: '1.8.0_144'
Driver info: driver.version: ChromeDriver
remote stacktrace: Backtrace:
Ordinal0 [0x013DC0C3+3326147]
Ordinal0 [0x012C0851+2164817]
Ordinal0 [0x01147298+619160]
Ordinal0 [0x010C1D92+73106]
Ordinal0 [0x010BE119+57625]
Ordinal0 [0x010BC38A+50058]
Ordinal0 [0x010E5F3E+220990]
Ordinal0 [0x010E5CAC+220332]
Ordinal0 [0x010E189B+202907]
Ordinal0 [0x010C3DF4+81396]
Ordinal0 [0x010C4DEE+85486]
Ordinal0 [0x010C4D79+85369]
Ordinal0 [0x012D85DC+2262492]
GetHandleVerifier [0x01562874+1487204]
GetHandleVerifier [0x015623CD+1486013]
GetHandleVerifier [0x0156A368+1518680]
GetHandleVerifier [0x01562F4E+1488958]
Ordinal0 [0x012CED0D+2223373]
Ordinal0 [0x012DA12B+2269483]
Ordinal0 [0x012DA26F+2269807]
Ordinal0 [0x012EECB8+2354360]
BaseThreadInitThunk [0x75E3FE09+25]
RtlGetAppContainerNamedObjectPath [0x77A8607D+237]
RtlGetAppContainerNamedObjectPath [0x77A8604D+189]

at sun.reflect.NativeConstructorAccessorImpl.newInstance0(Native Method)
at sun.reflect.NativeConstructorAccessorImpl.newInstance(NativeConstructorAccessorImpl.java:62)
at sun.reflect.DelegatingConstructorAccessorImpl.newInstance(DelegatingConstructorAccessorImpl.java:45)
at java.lang.reflect.Constructor.newInstance(Constructor.java:423)
at org.openqa.selenium.remote.W3CHandshakeResponse.lambda$new$0(W3CHandshakeResponse.java:57)
at org.openqa.selenium.remote.W3CHandshakeResponse.lambda$getResponseFunction$2(W3CHandshakeResponse.java:104)
at org.openqa.selenium.remote.ProtocolHandshake.lambda$createSession$0(ProtocolHandshake.java:123)
at java.util.stream.ReferencePipeline$3$1.accept(ReferencePipeline.java:193)
at java.util.Spliterators$ArraySpliterator.tryAdvance(Spliterators.java:958)
at java.util.stream.ReferencePipeline.forEachWithCancel(ReferencePipeline.java:126)
at java.util.stream.AbstractPipeline.copyIntoWithCancel(AbstractPipeline.java:498)
at java.util.stream.AbstractPipeline.copyInto(AbstractPipeline.java:485)
at java.util.stream.AbstractPipeline.wrapAndCopyInto(AbstractPipeline.java:471)
at java.util.stream.FindOps$FindOp.evaluateSequential(FindOps.java:152)
at java.util.stream.AbstractPipeline.evaluate(AbstractPipeline.java:234)
at java.util.stream.ReferencePipeline.findFirst(ReferencePipeline.java:464)
at org.openqa.selenium.remote.ProtocolHandshake.createSession(ProtocolHandshake.java:126)
at org.openqa.selenium.remote.ProtocolHandshake.createSession(ProtocolHandshake.java:73)
at org.openqa.selenium.remote.HttpCommandExecutor.execute(HttpCommandExecutor.java:138)
at org.openqa.selenium.remote.service.DriverCommandExecutor.execute(DriverCommandExecutor.java:83)
at org.openqa.selenium.remote.RemoteWebDriver.execute(RemoteWebDriver.java:601)
at org.openqa.selenium.remote.RemoteWebDriver.startSession(RemoteWebDriver.java:219)
at org.openqa.selenium.remote.RemoteWebDriver.<init>(RemoteWebDriver.java:142)
at org.openqa.selenium.chrome.ChromeDriver.<init>(ChromeDriver.java:181)
at org.openqa.selenium.chrome.ChromeDriver.<init>(ChromeDriver.java:168)
at org.openqa.selenium.chrome.ChromeDriver.<init>(ChromeDriver.java:123)
at com.jbk.LoginTest.setUp(LoginTest.java:16)
at sun.reflect.NativeMethodAccessorImpl.invoke0(Native Method)
at sun.reflect.NativeMethodAccessorImpl.invoke(NativeMethodAccessorImpl.java:62)
at sun.reflect.DelegatingMethodAccessorImpl.invoke(DelegatingMethodAccessorImpl.java:43)
at java.lang.reflect.Method.invoke(Method.java:498)
at org.testng.internal.MethodInvocationHelper.invokeMethod(MethodInvocationHelper.java:124)
at org.testng.internal.MethodInvocationHelper.invokeMethodConsideringTimeout(MethodInvocationHelper.java:59)
at org.testng.internal.Invoker.invokeConfigurationMethod(Invoker.java:458)
at org.testng.internal.Invoker.invokeConfigurations(Invoker.java:222)
at org.testng.internal.Invoker.invokeMethod(Invoker.java:523)
at org.testng.internal.Invoker.invokeTestMethod(Invoker.java:719)
at org.testng.internal.Invoker.invokeTestMethods(Invoker.java:989)
at org.testng.internal.TestMethodWorker.invokeTestMethods(TestMethodWorker.java:125)
at org.testng.internal.TestMethodWorker.run(TestMethodWorker.java:109)
at org.testng.TestRunner.privateRun(TestRunner.java:648)
at org.testng.TestRunner.run(TestRunner.java:505)
at org.testng.SuiteRunner.runTest(SuiteRunner.java:455)
at org.testng.SuiteRunner.runSequentially(SuiteRunner.java:450)
at org.testng.SuiteRunner.privateRun(SuiteRunner.java:415)
at org.testng.SuiteRunner.run(SuiteRunner.java:364)
at org.testng.SuiteRunnerWorker.runSuite(SuiteRunnerWorker.java:52)
at org.testng.SuiteRunnerWorker.run(SuiteRunnerWorker.java:84)
at org.testng.TestNG.runSuitesSequentially(TestNG.java:1208)
at org.testng.TestNG.runSuitesLocally(TestNG.java:1137)
at org.testng.TestNG.runSuites(TestNG.java:1049)
at org.testng.TestNG.run(TestNG.java:1017)
at org.testng.remote.AbstractRemoteTestNG.run(AbstractRemoteTestNG.java:132)
at org.testng.remote.RemoteTestNG.initAndRun(RemoteTestNG.java:236)
at org.testng.remote.RemoteTestNG.main(RemoteTestNG.java:81)
]]>
    </error>
  </testcase> <!-- setUp -->
  <testcase name="validLoginTest" time="0.000" classname="com.jbk.LoginTest">
    <skipped/>
  </testcase> <!-- validLoginTest -->
</testsuite> <!-- com.jbk.LoginTest -->
