<?xml version="1.0" encoding="UTF-8"?>
<!-- Generated by org.testng.reporters.JUnitXMLReporter -->
<testsuite hostname="DESKTOP-MO03C8A" ignored="0" name="Test" tests="1" failures="0" timestamp="14 Mar 2021 14:58:59 GMT" time="5.865" errors="0">
  <testcase name="@BeforeMethod setUp" time="5.772" classname="com.jbk.LoginTest">
    <failure type="org.openqa.selenium.SessionNotCreatedException" message="session not created: This version of ChromeDriver only supports Chrome version 87
Current browser version is 89.0.4389.90 with binary path C:\Program Files\Google\Chrome\Application\chrome.exe
Build info: version: &amp;apos;3.141.59&amp;apos;, revision: &amp;apos;e82be7d358&amp;apos;, time: &amp;apos;2018-11-14T08:17:03&amp;apos;
System info: host: &amp;apos;DESKTOP-MO03C8A&amp;apos;, ip: &amp;apos;192.168.43.112&amp;apos;, os.name: &amp;apos;Windows 10&amp;apos;, os.arch: &amp;apos;amd64&amp;apos;, os.version: &amp;apos;10.0&amp;apos;, java.version: &amp;apos;1.8.0_144&amp;apos;
Driver info: driver.version: ChromeDriver
remote stacktrace: Backtrace:
	Ordinal0 [0x013DC0C3+3326147]
	Ordinal0 [0x012C0851+2164817]
	Ordinal0 [0x01147298+619160]
	Ordinal0 [0x010C1D92+73106]
	Ordinal0 [0x010BE119+57625]
	Ordinal0 [0x010BC38A+50058]
	Ordinal0 [0x010E5F3E+220990]
	Ordinal0 [0x010E5CAC+220332]
	Ordinal0 [0x010E189B+202907]
	Ordinal0 [0x010C3DF4+81396]
	Ordinal0 [0x010C4DEE+85486]
	Ordinal0 [0x010C4D79+85369]
	Ordinal0 [0x012D85DC+2262492]
	GetHandleVerifier [0x01562874+1487204]
	GetHandleVerifier [0x015623CD+1486013]
	GetHandleVerifier [0x0156A368+1518680]
	GetHandleVerifier [0x01562F4E+1488958]
	Ordinal0 [0x012CED0D+2223373]
	Ordinal0 [0x012DA12B+2269483]
	Ordinal0 [0x012DA26F+2269807]
	Ordinal0 [0x012EECB8+2354360]
	BaseThreadInitThunk [0x75E3FE09+25]
	RtlGetAppContainerNamedObjectPath [0x77A8607D+237]
	RtlGetAppContainerNamedObjectPath [0x77A8604D+189]
">
      <![CDATA[org.openqa.selenium.SessionNotCreatedException: session not created: This version of ChromeDriver only supports Chrome version 87
Current browser version is 89.0.4389.90 with binary path C:\Program Files\Google\Chrome\Application\chrome.exe
Build info: version: '3.141.59', revision: 'e82be7d358', time: '2018-11-14T08:17:03'
System info: host: 'DESKTOP-MO03C8A', ip: '192.168.43.112', os.name: 'Windows 10', os.arch: 'amd64', os.version: '10.0', java.version: '1.8.0_144'
Driver info: driver.version: ChromeDriver
remote stacktrace: Backtrace:
Ordinal0 [0x013DC0C3+3326147]
Ordinal0 [0x012C0851+2164817]
Ordinal0 [0x01147298+619160]
Ordinal0 [0x010C1D92+73106]
Ordinal0 [0x010BE119+57625]
Ordinal0 [0x010BC38A+50058]
Ordinal0 [0x010E5F3E+220990]
Ordinal0 [0x010E5CAC+220332]
Ordinal0 [0x010E189B+202907]
Ordinal0 [0x010C3DF4+81396]
Ordinal0 [0x010C4DEE+85486]
Ordinal0 [0x010C4D79+85369]
Ordinal0 [0x012D85DC+2262492]
GetHandleVerifier [0x01562874+1487204]
GetHandleVerifier [0x015623CD+1486013]
GetHandleVerifier [0x0156A368+1518680]
GetHandleVerifier [0x01562F4E+1488958]
Ordinal0 [0x012CED0D+2223373]
Ordinal0 [0x012DA12B+2269483]
Ordinal0 [0x012DA26F+2269807]
Ordinal0 [0x012EECB8+2354360]
BaseThreadInitThunk [0x75E3FE09+25]
RtlGetAppContainerNamedObjectPath [0x77A8607D+237]
RtlGetAppContainerNamedObjectPath [0x77A8604D+189]

at org.openqa.selenium.remote.W3CHandshakeResponse.lambda$errorHandler$0(W3CHandshakeResponse.java:62)
at org.openqa.selenium.remote.HandshakeResponse.lambda$getResponseFunction$0(HandshakeResponse.java:30)
at org.openqa.selenium.remote.ProtocolHandshake.lambda$createSession$0(ProtocolHandshake.java:126)
at java.util.stream.ReferencePipeline$3$1.accept(ReferencePipeline.java:193)
at java.util.Spliterators$ArraySpliterator.tryAdvance(Spliterators.java:958)
at java.util.stream.ReferencePipeline.forEachWithCancel(ReferencePipeline.java:126)
at java.util.stream.AbstractPipeline.copyIntoWithCancel(AbstractPipeline.java:498)
at java.util.stream.AbstractPipeline.copyInto(AbstractPipeline.java:485)
at java.util.stream.AbstractPipeline.wrapAndCopyInto(AbstractPipeline.java:471)
at java.util.stream.FindOps$FindOp.evaluateSequential(FindOps.java:152)
at java.util.stream.AbstractPipeline.evaluate(AbstractPipeline.java:234)
at java.util.stream.ReferencePipeline.findFirst(ReferencePipeline.java:464)
at org.openqa.selenium.remote.ProtocolHandshake.createSession(ProtocolHandshake.java:128)
at org.openqa.selenium.remote.ProtocolHandshake.createSession(ProtocolHandshake.java:74)
at org.openqa.selenium.remote.HttpCommandExecutor.execute(HttpCommandExecutor.java:136)
at org.openqa.selenium.remote.service.DriverCommandExecutor.execute(DriverCommandExecutor.java:83)
at org.openqa.selenium.remote.RemoteWebDriver.execute(RemoteWebDriver.java:552)
at org.openqa.selenium.remote.RemoteWebDriver.startSession(RemoteWebDriver.java:213)
at org.openqa.selenium.remote.RemoteWebDriver.<init>(RemoteWebDriver.java:131)
at org.openqa.selenium.chrome.ChromeDriver.<init>(ChromeDriver.java:181)
at org.openqa.selenium.chrome.ChromeDriver.<init>(ChromeDriver.java:168)
at org.openqa.selenium.chrome.ChromeDriver.<init>(ChromeDriver.java:123)
at com.jbk.LoginTest.setUp(LoginTest.java:16)
at java.util.concurrent.ThreadPoolExecutor.runWorker(ThreadPoolExecutor.java:1149)
at java.util.concurrent.ThreadPoolExecutor$Worker.run(ThreadPoolExecutor.java:624)
at java.lang.Thread.run(Thread.java:748)
... Removed 17 stack frames]]>
    </failure>
  </testcase> <!-- @BeforeMethod setUp -->
  <testcase name="validLoginTest" time="0.0" classname="com.jbk.LoginTest">
    <skipped/>
  </testcase> <!-- validLoginTest -->
</testsuite> <!-- Test -->
